<?xml version="1.0" encoding="UTF-8"?>
<testng-results ignored="0" total="1" passed="1" failed="0" skipped="0">
  <reporter-output>
  </reporter-output>
  <suite started-at="2018-10-09T05:38:31Z" name="Default suite" finished-at="2018-10-09T05:38:38Z" duration-ms="7404">
    <groups>
    </groups>
    <test started-at="2018-10-09T05:38:31Z" name="Default test" finished-at="2018-10-09T05:38:38Z" duration-ms="7404">
      <class name="test.Selenium.app.TC001SpiceJetHomeTest">
        <test-method is-config="true" signature="BaseTest()[pri:0, instance:test.Selenium.app.TC001SpiceJetHomeTest@4cc8eb05]" started-at="2018-10-09T05:38:31Z" name="BaseTest" finished-at="2018-10-09T05:38:37Z" duration-ms="6279" status="PASS">
          <reporter-output>
          </reporter-output>
        </test-method> <!-- BaseTest -->
        <test-method signature="TC001SpiceJet()[pri:0, instance:test.Selenium.app.TC001SpiceJetHomeTest@4cc8eb05]" started-at="2018-10-09T05:38:37Z" name="TC001SpiceJet" finished-at="2018-10-09T05:38:37Z" duration-ms="162" status="PASS">
          <reporter-output>
          </reporter-output>
        </test-method> <!-- TC001SpiceJet -->
        <test-method is-config="true" signature="afterTest()[pri:0, instance:test.Selenium.app.TC001SpiceJetHomeTest@4cc8eb05]" started-at="2018-10-09T05:38:38Z" name="afterTest" finished-at="2018-10-09T05:38:38Z" duration-ms="115" status="PASS">
          <reporter-output>
          </reporter-output>
        </test-method> <!-- afterTest -->
      </class> <!-- test.Selenium.app.TC001SpiceJetHomeTest -->
    </test> <!-- Default test -->
  </suite> <!-- Default suite -->
</testng-results>
